<?xml version="1.0" encoding="UTF-8"?>
<!-- Generated by org.testng.reporters.JUnitXMLReporter -->
<testsuite hostname="RT-LT-538" failures="0" tests="5" name="Default test" time="101.608" errors="0" timestamp="12 Jun 2023 12:04:37 GMT">
  <testcase classname="main.main" name="Successfull_Login" time="11.405"/>
  <testcase classname="main.main" name="CreateST" time="27.331"/>
  <testcase classname="main.main" name="DeviceCustomer" time="6.136"/>
  <testcase classname="main.main" name="Damage" time="25.765"/>
  <testcase classname="main.main" name="pick" time="27.838"/>
</testsuite> <!-- Default test -->
