<?xml version="1.0" encoding="UTF-8"?>
<testng-results total="5" passed="5" failed="0" skipped="0">
  <reporter-output>
    <line>
      <![CDATA[Login is successfull]]>
    </line>
  </reporter-output>
  <suite started-at="2023-06-12T12:02:56Z" name="Default suite" finished-at="2023-06-12T12:04:37Z" duration-ms="101608">
    <groups>
    </groups>
    <test started-at="2023-06-12T12:02:56Z" name="Default test" finished-at="2023-06-12T12:04:37Z" duration-ms="101608">
      <class name="main.main">
        <test-method is-config="true" signature="launch()[pri:0, instance:main.main@2bd08376]" started-at="2023-06-12T17:02:56Z" name="launch" finished-at="2023-06-12T17:02:58Z" duration-ms="2357" status="PASS">
          <reporter-output>
          </reporter-output>
        </test-method> <!-- launch -->
        <test-method signature="Successfull_Login()[pri:0, instance:main.main@2bd08376]" started-at="2023-06-12T17:02:58Z" name="Successfull_Login" finished-at="2023-06-12T17:03:10Z" duration-ms="11405" status="PASS">
          <reporter-output>
            <line>
              <![CDATA[Login is successfull]]>
            </line>
          </reporter-output>
        </test-method> <!-- Successfull_Login -->
        <test-method signature="CreateST()[pri:0, instance:main.main@2bd08376]" started-at="2023-06-12T17:03:10Z" name="CreateST" finished-at="2023-06-12T17:03:37Z" duration-ms="27331" status="PASS">
          <reporter-output>
          </reporter-output>
        </test-method> <!-- CreateST -->
        <test-method signature="DeviceCustomer()[pri:0, instance:main.main@2bd08376]" started-at="2023-06-12T17:03:37Z" name="DeviceCustomer" finished-at="2023-06-12T17:03:43Z" duration-ms="6136" status="PASS">
          <reporter-output>
          </reporter-output>
        </test-method> <!-- DeviceCustomer -->
        <test-method signature="Damage()[pri:0, instance:main.main@2bd08376]" started-at="2023-06-12T17:03:43Z" name="Damage" finished-at="2023-06-12T17:04:09Z" duration-ms="25765" status="PASS">
          <reporter-output>
          </reporter-output>
        </test-method> <!-- Damage -->
        <test-method signature="pick()[pri:0, instance:main.main@2bd08376]" started-at="2023-06-12T17:04:09Z" name="pick" finished-at="2023-06-12T17:04:37Z" duration-ms="27838" status="PASS">
          <reporter-output>
          </reporter-output>
        </test-method> <!-- pick -->
        <test-method is-config="true" signature="afterTest()[pri:0, instance:main.main@2bd08376]" started-at="2023-06-12T17:04:37Z" name="afterTest" finished-at="2023-06-12T17:04:37Z" duration-ms="760" status="PASS">
          <reporter-output>
          </reporter-output>
        </test-method> <!-- afterTest -->
      </class> <!-- main.main -->
    </test> <!-- Default test -->
  </suite> <!-- Default suite -->
</testng-results>
